<?xml version="1.0" encoding="UTF-8"?>
<!-- Generated by org.testng.reporters.JUnitReportReporter -->
<testsuite hostname="DESKTOP-NPMNQDS" failures="0" tests="1" name="com.prospect.tests.InternalUsersTests" time="14.700" errors="0" timestamp="2023-09-13T20:08:07 IST" skipped="0">
  <testcase classname="com.prospect.tests.InternalUsersTests" name="tc1" time="14.700"/>
</testsuite> <!-- com.prospect.tests.InternalUsersTests -->
